<?xml version="1.0" encoding="UTF-8"?>
<testsuite name="sdi.core.service.TechnicianServiceTest" tests="4" skipped="0" failures="0" errors="0" timestamp="2022-06-02T06:16:54" hostname="DESKTOP-PJI8ALC" time="0.218">
  <properties/>
  <testcase name="getAllFromPage" classname="sdi.core.service.TechnicianServiceTest" time="0.056"/>
  <testcase name="delete" classname="sdi.core.service.TechnicianServiceTest" time="0.057"/>
  <testcase name="getAll" classname="sdi.core.service.TechnicianServiceTest" time="0.043"/>
  <testcase name="search" classname="sdi.core.service.TechnicianServiceTest" time="0.06"/>
  <system-out><![CDATA[Hibernate: select technician0_.id as id1_3_, technician0_.firstName as firstNam2_3_, technician0_.lastName as lastName3_3_, technician0_.salary as salary4_3_ from Technician technician0_ limit ?
Hibernate: select count(technician0_.id) as col_0_0_ from Technician technician0_
Hibernate: select technician0_.id as id1_3_0_, technician0_.firstName as firstNam2_3_0_, technician0_.lastName as lastName3_3_0_, technician0_.salary as salary4_3_0_ from Technician technician0_ where technician0_.id=?
Hibernate: delete from RepairOrder where technician_id=?
Hibernate: delete from Technician where id=?
Hibernate: select technician0_.id as id1_3_, technician0_.firstName as firstNam2_3_, technician0_.lastName as lastName3_3_, technician0_.salary as salary4_3_ from Technician technician0_
Hibernate: select technician0_.id as id1_3_, technician0_.firstName as firstNam2_3_, technician0_.lastName as lastName3_3_, technician0_.salary as salary4_3_ from Technician technician0_
Hibernate: select technician0_.id as id1_3_0_, technician0_.firstName as firstNam2_3_0_, technician0_.lastName as lastName3_3_0_, technician0_.salary as salary4_3_0_ from Technician technician0_ where technician0_.id=?
]]></system-out>
  <system-err><![CDATA[]]></system-err>
</testsuite>
