<?xml version="1.0" encoding="UTF-8"?>
<testsuite name="sdi.core.service.ClientServiceTest" tests="4" skipped="0" failures="0" errors="0" timestamp="2022-06-02T06:16:53" hostname="DESKTOP-PJI8ALC" time="0.298">
  <properties/>
  <testcase name="getAllFromPage" classname="sdi.core.service.ClientServiceTest" time="0.094"/>
  <testcase name="delete" classname="sdi.core.service.ClientServiceTest" time="0.086"/>
  <testcase name="getAll" classname="sdi.core.service.ClientServiceTest" time="0.06"/>
  <testcase name="search" classname="sdi.core.service.ClientServiceTest" time="0.055"/>
  <system-out><![CDATA[Hibernate: select client0_.id as id1_0_, client0_.emailAddress as emailAdd2_0_, client0_.firstName as firstNam3_0_, client0_.lastName as lastName4_0_ from Client client0_ limit ?
Hibernate: select count(client0_.id) as col_0_0_ from Client client0_
Hibernate: select client0_.id as id1_0_0_, client0_.emailAddress as emailAdd2_0_0_, client0_.firstName as firstNam3_0_0_, client0_.lastName as lastName4_0_0_ from Client client0_ where client0_.id=?
Hibernate: delete from Client where id=?
Hibernate: select client0_.id as id1_0_, client0_.emailAddress as emailAdd2_0_, client0_.firstName as firstNam3_0_, client0_.lastName as lastName4_0_ from Client client0_
Hibernate: select client0_.id as id1_0_, client0_.emailAddress as emailAdd2_0_, client0_.firstName as firstNam3_0_, client0_.lastName as lastName4_0_ from Client client0_
Hibernate: select client0_.id as id1_0_0_, client0_.emailAddress as emailAdd2_0_0_, client0_.firstName as firstNam3_0_0_, client0_.lastName as lastName4_0_0_ from Client client0_ where client0_.id=?
]]></system-out>
  <system-err><![CDATA[]]></system-err>
</testsuite>
