<?xml version="1.0" encoding="UTF-8"?>
<testsuite name="sdi.core.repository.ClientRepositoryTest" tests="2" skipped="0" failures="0" errors="0" timestamp="2022-06-02T10:33:48" hostname="DESKTOP-PJI8ALC" time="0.335">
  <properties/>
  <testcase name="getClientsWithFirstName" classname="sdi.core.repository.ClientRepositoryTest" time="0.271"/>
  <testcase name="getClientsWithLastName" classname="sdi.core.repository.ClientRepositoryTest" time="0.063"/>
  <system-out><![CDATA[Hibernate: select distinct * from Client r where r.firstName = ?
Hibernate: select distinct * from Client r where r.firstName = ?
Hibernate: select distinct * from Client r where r.lastName = ?
Hibernate: select distinct * from Client r where r.lastName = ?
]]></system-out>
  <system-err><![CDATA[ERROR StatusLogger No log4j2 configuration file found. Using default configuration: logging only errors to the console. Set system property 'log4j2.debug' to show Log4j2 internal initialization logging.
]]></system-err>
</testsuite>
