<?xml version="1.0" encoding="UTF-8"?>
<testsuite name="sdi.core.service.DeviceServiceTest" tests="4" skipped="0" failures="0" errors="0" timestamp="2022-06-02T10:33:49" hostname="DESKTOP-PJI8ALC" time="0.212">
  <properties/>
  <testcase name="getAllFromPage" classname="sdi.core.service.DeviceServiceTest" time="0.058"/>
  <testcase name="delete" classname="sdi.core.service.DeviceServiceTest" time="0.058"/>
  <testcase name="getAll" classname="sdi.core.service.DeviceServiceTest" time="0.049"/>
  <testcase name="search" classname="sdi.core.service.DeviceServiceTest" time="0.045"/>
  <system-out><![CDATA[Hibernate: select device0_.id as id1_1_, device0_.brand as brand2_1_, device0_.client_id as client_i5_1_, device0_.model as model3_1_, device0_.type as type4_1_ from Device device0_ limit ?
Hibernate: select client0_.id as id1_0_0_, client0_.emailAddress as emailAdd2_0_0_, client0_.firstName as firstNam3_0_0_, client0_.lastName as lastName4_0_0_ from Client client0_ where client0_.id=?
Hibernate: select count(device0_.id) as col_0_0_ from Device device0_
Hibernate: select device0_.id as id1_1_0_, device0_.brand as brand2_1_0_, device0_.client_id as client_i5_1_0_, device0_.model as model3_1_0_, device0_.type as type4_1_0_, client1_.id as id1_0_1_, client1_.emailAddress as emailAdd2_0_1_, client1_.firstName as firstNam3_0_1_, client1_.lastName as lastName4_0_1_ from Device device0_ inner join Client client1_ on device0_.client_id=client1_.id where device0_.id=?
Hibernate: delete from Device where id=?
Hibernate: select device0_.id as id1_1_, device0_.brand as brand2_1_, device0_.client_id as client_i5_1_, device0_.model as model3_1_, device0_.type as type4_1_ from Device device0_
Hibernate: select client0_.id as id1_0_0_, client0_.emailAddress as emailAdd2_0_0_, client0_.firstName as firstNam3_0_0_, client0_.lastName as lastName4_0_0_ from Client client0_ where client0_.id=?
Hibernate: select device0_.id as id1_1_, device0_.brand as brand2_1_, device0_.client_id as client_i5_1_, device0_.model as model3_1_, device0_.type as type4_1_ from Device device0_
Hibernate: select client0_.id as id1_0_0_, client0_.emailAddress as emailAdd2_0_0_, client0_.firstName as firstNam3_0_0_, client0_.lastName as lastName4_0_0_ from Client client0_ where client0_.id=?
Hibernate: select device0_.id as id1_1_0_, device0_.brand as brand2_1_0_, device0_.client_id as client_i5_1_0_, device0_.model as model3_1_0_, device0_.type as type4_1_0_, client1_.id as id1_0_1_, client1_.emailAddress as emailAdd2_0_1_, client1_.firstName as firstNam3_0_1_, client1_.lastName as lastName4_0_1_ from Device device0_ inner join Client client1_ on device0_.client_id=client1_.id where device0_.id=?
]]></system-out>
  <system-err><![CDATA[]]></system-err>
</testsuite>
