<?xml version="1.0" encoding="UTF-8"?>
<testsuite name="sdi.web.controllers.WorkshopTeamControllerTest" tests="4" skipped="0" failures="0" errors="0" timestamp="2022-05-31T23:51:53" hostname="DESKTOP-PJI8ALC" time="0.213">
  <properties/>
  <testcase name="deleteWorkshopTeam" classname="sdi.web.controllers.WorkshopTeamControllerTest" time="0.113"/>
  <testcase name="updateWorkshopTeam" classname="sdi.web.controllers.WorkshopTeamControllerTest" time="0.046"/>
  <testcase name="getWorkshopTeams" classname="sdi.web.controllers.WorkshopTeamControllerTest" time="0.031"/>
  <testcase name="addWorkshopTeam" classname="sdi.web.controllers.WorkshopTeamControllerTest" time="0.022"/>
  <system-out><![CDATA[2022-06-01T02:51:53,842 ERROR [Test worker]: WorkshopTeamController               - ------> get all workshop teams - method entered 
2022-06-01T02:51:53,842 ERROR [Test worker]: WorkshopTeamController               - ------> get all workshop teams - WorkshopTeamsDto: WorkshopTeamDtos(teams=[WorkshopTeamDto(super=BaseDto(id=1), teamName=T1, technicianId=1), WorkshopTeamDto(super=BaseDto(id=2), teamName=T2, technicianId=2)]) 

MockHttpServletRequest:
      HTTP Method = GET
      Request URI = /teams
       Parameters = {}
          Headers = []
             Body = <no character encoding set>
    Session Attrs = {}

Handler:
             Type = sdi.web.controller.WorkshopTeamController
           Method = sdi.web.controller.WorkshopTeamController#getAllWorkshopTeams()

Async:
    Async started = false
     Async result = null

Resolved Exception:
             Type = null

ModelAndView:
        View name = null
             View = null
            Model = null

FlashMap:
       Attributes = null

MockHttpServletResponse:
           Status = 200
    Error message = null
          Headers = [Content-Type:"application/json"]
     Content type = application/json
             Body = {"teams":[{"id":1,"teamName":"T1","technicianId":1},{"id":2,"teamName":"T2","technicianId":2}]}
    Forwarded URL = null
   Redirected URL = null
          Cookies = []
]]></system-out>
  <system-err><![CDATA[]]></system-err>
</testsuite>
