<?xml version="1.0" encoding="UTF-8"?>
<testsuite name="sdi.web.controllers.TechnicianControllerTest" tests="4" skipped="0" failures="0" errors="0" timestamp="2022-06-02T10:33:14" hostname="DESKTOP-PJI8ALC" time="0.17">
  <properties/>
  <testcase name="addTechnician" classname="sdi.web.controllers.TechnicianControllerTest" time="0.089"/>
  <testcase name="getTechnicians" classname="sdi.web.controllers.TechnicianControllerTest" time="0.028"/>
  <testcase name="deleteTechnician" classname="sdi.web.controllers.TechnicianControllerTest" time="0.018"/>
  <testcase name="updateTechnician" classname="sdi.web.controllers.TechnicianControllerTest" time="0.034"/>
  <system-out><![CDATA[2022-06-02T13:33:14,296 TRACE [Test worker]: TechnicianController                 - add technician - method started - technician DTO: TechnicianDto(super=BaseDto(id=1), firstName=TF1, lastName=TL1, salary=100) 
2022-06-02T13:33:14,328 TRACE [Test worker]: TechnicianController                 - get all technicians - method entered 

MockHttpServletRequest:
      HTTP Method = GET
      Request URI = /technicians
       Parameters = {page=[0], pageSize=[100]}
          Headers = []
             Body = <no character encoding set>
    Session Attrs = {}

Handler:
             Type = sdi.web.controller.TechnicianController
           Method = sdi.web.controller.TechnicianController#getAllTechnicians()

Async:
    Async started = false
     Async result = null

Resolved Exception:
             Type = null

ModelAndView:
        View name = null
             View = null
            Model = null

FlashMap:
       Attributes = null

MockHttpServletResponse:
           Status = 200
    Error message = null
          Headers = [Content-Type:"application/json"]
     Content type = application/json
             Body = {"technicians":[{"id":2,"firstName":"TF2","lastName":"TL2","salary":200},{"id":1,"firstName":"TF1","lastName":"TL1","salary":100}]}
    Forwarded URL = null
   Redirected URL = null
          Cookies = []
2022-06-02T13:33:14,349 TRACE [Test worker]: TechnicianController                 - delete technician - method entered 
2022-06-02T13:33:14,349 TRACE [Test worker]: TechnicianController                 - delete technician - success 
2022-06-02T13:33:14,380 TRACE [Test worker]: TechnicianController                 - update technician - method entered 
]]></system-out>
  <system-err><![CDATA[]]></system-err>
</testsuite>
